\BOOKMARK [0][-]{chapter*.3}{Abstract}{}
\BOOKMARK [0][-]{chapter.1}{Introduction}{}
\BOOKMARK [1][-]{section.1.1}{Mechanical Processing of Auditory Stimuli}{chapter.1}
\BOOKMARK [1][-]{section.1.2}{Pressure Difference Ears - The ICE Model}{chapter.1}
\BOOKMARK [0][-]{chapter.2}{The ICE Model}{}
\BOOKMARK [1][-]{section.2.1}{Description of the Model}{chapter.2}
\BOOKMARK [2][-]{subsection.2.1.1}{Mouth Cavity}{section.2.1}
\BOOKMARK [2][-]{subsection.2.1.2}{Middle Ear System}{section.2.1}
\BOOKMARK [2][-]{subsection.2.1.3}{Head Model and External Sound Input}{section.2.1}
\BOOKMARK [1][-]{section.2.2}{Derivation of the Model}{chapter.2}
\BOOKMARK [2][-]{subsection.2.2.1}{Internal Cavity}{section.2.2}
\BOOKMARK [2][-]{subsection.2.2.2}{Vibration of the Membrane}{section.2.2}
\BOOKMARK [2][-]{subsection.2.2.3}{Vibration of Coupled Membranes}{section.2.2}
\BOOKMARK [2][-]{subsection.2.2.4}{Circuit Model}{section.2.2}
\BOOKMARK [0][-]{chapter.3}{Evaluation of the Model}{}
\BOOKMARK [1][-]{section.3.1}{Sound Localization Using the ICE\205Model}{chapter.3}
\BOOKMARK [2][-]{subsection.3.1.1}{Membrane Vibration Velocity}{section.3.1}
\BOOKMARK [2][-]{subsection.3.1.2}{Directional Hearing Cues}{section.3.1}
\BOOKMARK [2][-]{subsection.3.1.3}{Parameter Estimation}{section.3.1}
\BOOKMARK [1][-]{section.3.2}{Spatial Vibration Pattern of the Membrane}{chapter.3}
\BOOKMARK [0][-]{chapter.4}{Conclusion}{}
\BOOKMARK [0][-]{appendix*.34}{Acknowledgements}{}
