This is pdfTeX, Version 3.1415926-1.40.10 (TeX Live 2009/Debian) (format=pdflatex 2012.9.6)  22 JUL 2013 01:46
entering extended mode
 %&-line parsing enabled.
**final_pres2.tex
(./final_pres2.tex
LaTeX2e <2009/09/24>
Babel <v3.8l> and hyphenation patterns for english, usenglishmax, dumylang, noh
yphenation, loaded.
(/usr/share/texmf/tex/latex/beamer/base/beamer.cls
(/usr/share/texmf/tex/latex/beamer/base/beamerbasercs.sty
Package: beamerbasercs 2010/06/12 (rcs-revision c3821710bb40)
)
Document Class: beamer 2010/06/21 development version 3.10 A class for typesett
ing presentations (rcs-revision a6b1a8434d30)
(/usr/share/texmf/tex/latex/beamer/base/beamerbasemodes.sty
Package: beamerbasemodes 2010/05/01 (rcs-revision efa082c6111d)
\beamer@tempbox=\box26
\beamer@tempcount=\count79
\c@beamerpauses=\count80

(/usr/share/texmf/tex/latex/beamer/base/beamerbasedecode.sty
Package: beamerbasedecode 2010/05/01 (rcs-revision efa082c6111d)
\beamer@slideinframe=\count81
\beamer@minimum=\count82
)
\beamer@commentbox=\box27
\beamer@modecount=\count83
)
\headheight=\dimen102
\headdp=\dimen103
\footheight=\dimen104
\sidebarheight=\dimen105
\beamer@tempdim=\dimen106
\beamer@finalheight=\dimen107
\beamer@animht=\dimen108
\beamer@animdp=\dimen109
\beamer@animwd=\dimen110
\beamer@leftmargin=\dimen111
\beamer@rightmargin=\dimen112
\beamer@leftsidebar=\dimen113
\beamer@rightsidebar=\dimen114
\beamer@boxsize=\dimen115
\beamer@vboxoffset=\dimen116
\beamer@descdefault=\dimen117
\beamer@descriptionwidth=\dimen118
\beamer@lastskip=\skip41
\beamer@areabox=\box28
\beamer@animcurrent=\box29
\beamer@animshowbox=\box30
\beamer@sectionbox=\box31
\beamer@logobox=\box32
\beamer@linebox=\box33
\beamer@sectioncount=\count84
\beamer@subsubsectionmax=\count85
\beamer@subsectionmax=\count86
\beamer@sectionmax=\count87
\beamer@totalheads=\count88
\beamer@headcounter=\count89
\beamer@partstartpage=\count90
\beamer@sectionstartpage=\count91
\beamer@subsectionstartpage=\count92
\beamer@animationtempa=\count93
\beamer@animationtempb=\count94
\beamer@xpos=\count95
\beamer@ypos=\count96
\beamer@showpartnumber=\count97
\beamer@currentsubsection=\count98
\beamer@coveringdepth=\count99
\beamer@sectionadjust=\count100
\beamer@tocsectionnumber=\count101

(/usr/share/texmf/tex/latex/beamer/base/beamerbaseoptions.sty
Package: beamerbaseoptions 2010/04/27 (rcs-revision 982469101dd6)

(/usr/share/texmf-texlive/tex/latex/graphics/keyval.sty
Package: keyval 1999/03/16 v1.13 key=value parser (DPC)
\KV@toks@=\toks14
))
\beamer@paperwidth=\skip42
\beamer@paperheight=\skip43

(/usr/share/texmf-texlive/tex/latex/geometry/geometry.sty
Package: geometry 2008/12/21 v4.2 Page Geometry

(/usr/share/texmf-texlive/tex/generic/oberdiek/ifpdf.sty
Package: ifpdf 2009/04/10 v2.0 Provides the ifpdf switch (HO)
Package ifpdf Info: pdfTeX in pdf mode detected.
)
(/usr/share/texmf-texlive/tex/generic/oberdiek/ifvtex.sty
Package: ifvtex 2008/11/04 v1.4 Switches for detecting VTeX and its modes (HO)
Package ifvtex Info: VTeX not detected.
)
\Gm@cnth=\count102
\Gm@cntv=\count103
\c@Gm@tempcnt=\count104
\Gm@bindingoffset=\dimen119
\Gm@wd@mp=\dimen120
\Gm@odd@mp=\dimen121
\Gm@even@mp=\dimen122
\Gm@dimlist=\toks15
)
(/usr/share/texmf-texlive/tex/latex/base/size11.clo
File: size11.clo 2007/10/19 v1.4h Standard LaTeX file (size option)
)
(/usr/share/texmf/tex/latex/pgf/basiclayer/pgfcore.sty
(/usr/share/texmf-texlive/tex/latex/graphics/graphicx.sty
Package: graphicx 1999/02/16 v1.0f Enhanced LaTeX Graphics (DPC,SPQR)

(/usr/share/texmf-texlive/tex/latex/graphics/graphics.sty
Package: graphics 2009/02/05 v1.0o Standard LaTeX Graphics (DPC,SPQR)

(/usr/share/texmf-texlive/tex/latex/graphics/trig.sty
Package: trig 1999/03/16 v1.09 sin cos tan (DPC)
)
(/etc/texmf/tex/latex/config/graphics.cfg
File: graphics.cfg 2009/08/28 v1.8 graphics configuration of TeX Live
)
Package graphics Info: Driver file: pdftex.def on input line 91.

(/usr/share/texmf-texlive/tex/latex/pdftex-def/pdftex.def
File: pdftex.def 2010/03/12 v0.04p Graphics/color for pdfTeX
\Gread@gobject=\count105
))
\Gin@req@height=\dimen123
\Gin@req@width=\dimen124
)
(/usr/share/texmf/tex/latex/pgf/systemlayer/pgfsys.sty
(/usr/share/texmf/tex/latex/pgf/utilities/pgfrcs.sty
(/usr/share/texmf/tex/generic/pgf/utilities/pgfutil-common.tex
\pgfutil@everybye=\toks16
)
(/usr/share/texmf/tex/generic/pgf/utilities/pgfutil-latex.def
\pgfutil@abb=\box34

(/usr/share/texmf-texlive/tex/latex/ms/everyshi.sty
Package: everyshi 2001/05/15 v3.00 EveryShipout Package (MS)
))
(/usr/share/texmf/tex/generic/pgf/utilities/pgfrcs.code.tex
Package: pgfrcs 2010/10/25 v2.10 (rcs-revision 1.24)
))
(/usr/share/texmf/tex/generic/pgf/systemlayer/pgfsys.code.tex
Package: pgfsys 2010/06/30 v2.10 (rcs-revision 1.37)

(/usr/share/texmf/tex/generic/pgf/utilities/pgfkeys.code.tex
\pgfkeys@pathtoks=\toks17
\pgfkeys@temptoks=\toks18

(/usr/share/texmf/tex/generic/pgf/utilities/pgfkeysfiltered.code.tex
\pgfkeys@tmptoks=\toks19
))
\pgf@x=\dimen125
\pgf@y=\dimen126
\pgf@xa=\dimen127
\pgf@ya=\dimen128
\pgf@xb=\dimen129
\pgf@yb=\dimen130
\pgf@xc=\dimen131
\pgf@yc=\dimen132
\w@pgf@writea=\write3
\r@pgf@reada=\read1
\c@pgf@counta=\count106
\c@pgf@countb=\count107
\c@pgf@countc=\count108
\c@pgf@countd=\count109

(/usr/share/texmf/tex/generic/pgf/systemlayer/pgf.cfg
File: pgf.cfg 2008/05/14  (rcs-revision 1.7)
)
Package pgfsys Info: Driver file for pgf: pgfsys-pdftex.def on input line 900.

(/usr/share/texmf/tex/generic/pgf/systemlayer/pgfsys-pdftex.def
File: pgfsys-pdftex.def 2009/05/22  (rcs-revision 1.26)

(/usr/share/texmf/tex/generic/pgf/systemlayer/pgfsys-common-pdf.def
File: pgfsys-common-pdf.def 2008/05/19  (rcs-revision 1.10)
)))
(/usr/share/texmf/tex/generic/pgf/systemlayer/pgfsyssoftpath.code.tex
File: pgfsyssoftpath.code.tex 2008/07/18  (rcs-revision 1.7)
\pgfsyssoftpath@smallbuffer@items=\count110
\pgfsyssoftpath@bigbuffer@items=\count111
)
(/usr/share/texmf/tex/generic/pgf/systemlayer/pgfsysprotocol.code.tex
File: pgfsysprotocol.code.tex 2006/10/16  (rcs-revision 1.4)
))
(/usr/share/texmf/tex/latex/xcolor/xcolor.sty
Package: xcolor 2007/01/21 v2.11 LaTeX color extensions (UK)

(/etc/texmf/tex/latex/config/color.cfg
File: color.cfg 2007/01/18 v1.5 color configuration of teTeX/TeXLive
)
Package xcolor Info: Driver file: pdftex.def on input line 225.
Package xcolor Info: Model `cmy' substituted by `cmy0' on input line 1337.
Package xcolor Info: Model `hsb' substituted by `rgb' on input line 1341.
Package xcolor Info: Model `RGB' extended on input line 1353.
Package xcolor Info: Model `HTML' substituted by `rgb' on input line 1355.
Package xcolor Info: Model `Hsb' substituted by `hsb' on input line 1356.
Package xcolor Info: Model `tHsb' substituted by `hsb' on input line 1357.
Package xcolor Info: Model `HSB' substituted by `hsb' on input line 1358.
Package xcolor Info: Model `Gray' substituted by `gray' on input line 1359.
Package xcolor Info: Model `wave' substituted by `hsb' on input line 1360.
)
(/usr/share/texmf/tex/generic/pgf/basiclayer/pgfcore.code.tex
Package: pgfcore 2010/04/11 v2.10 (rcs-revision 1.7)

(/usr/share/texmf/tex/generic/pgf/math/pgfmath.code.tex
(/usr/share/texmf/tex/generic/pgf/math/pgfmathcalc.code.tex
(/usr/share/texmf/tex/generic/pgf/math/pgfmathutil.code.tex)
(/usr/share/texmf/tex/generic/pgf/math/pgfmathparser.code.tex
\pgfmath@dimen=\dimen133
\pgfmath@count=\count112
\pgfmath@box=\box35
\pgfmath@toks=\toks20
\pgfmath@stack@operand=\toks21
\pgfmath@stack@operation=\toks22
)
(/usr/share/texmf/tex/generic/pgf/math/pgfmathfunctions.code.tex
(/usr/share/texmf/tex/generic/pgf/math/pgfmathfunctions.basic.code.tex)
(/usr/share/texmf/tex/generic/pgf/math/pgfmathfunctions.trigonometric.code.tex)
(/usr/share/texmf/tex/generic/pgf/math/pgfmathfunctions.random.code.tex)
(/usr/share/texmf/tex/generic/pgf/math/pgfmathfunctions.comparison.code.tex)
(/usr/share/texmf/tex/generic/pgf/math/pgfmathfunctions.base.code.tex)
(/usr/share/texmf/tex/generic/pgf/math/pgfmathfunctions.round.code.tex)
(/usr/share/texmf/tex/generic/pgf/math/pgfmathfunctions.misc.code.tex)))
(/usr/share/texmf/tex/generic/pgf/math/pgfmathfloat.code.tex
\c@pgfmathroundto@lastzeros=\count113
))
(/usr/share/texmf/tex/generic/pgf/basiclayer/pgfcorepoints.code.tex
File: pgfcorepoints.code.tex 2010/04/09  (rcs-revision 1.20)
\pgf@picminx=\dimen134
\pgf@picmaxx=\dimen135
\pgf@picminy=\dimen136
\pgf@picmaxy=\dimen137
\pgf@pathminx=\dimen138
\pgf@pathmaxx=\dimen139
\pgf@pathminy=\dimen140
\pgf@pathmaxy=\dimen141
\pgf@xx=\dimen142
\pgf@xy=\dimen143
\pgf@yx=\dimen144
\pgf@yy=\dimen145
\pgf@zx=\dimen146
\pgf@zy=\dimen147
)
(/usr/share/texmf/tex/generic/pgf/basiclayer/pgfcorepathconstruct.code.tex
File: pgfcorepathconstruct.code.tex 2010/08/03  (rcs-revision 1.24)
\pgf@path@lastx=\dimen148
\pgf@path@lasty=\dimen149
)
(/usr/share/texmf/tex/generic/pgf/basiclayer/pgfcorepathusage.code.tex
File: pgfcorepathusage.code.tex 2008/04/22  (rcs-revision 1.12)
\pgf@shorten@end@additional=\dimen150
\pgf@shorten@start@additional=\dimen151
)
(/usr/share/texmf/tex/generic/pgf/basiclayer/pgfcorescopes.code.tex
File: pgfcorescopes.code.tex 2010/09/08  (rcs-revision 1.34)
\pgfpic=\box36
\pgf@hbox=\box37
\pgf@layerbox@main=\box38
\pgf@picture@serial@count=\count114
)
(/usr/share/texmf/tex/generic/pgf/basiclayer/pgfcoregraphicstate.code.tex
File: pgfcoregraphicstate.code.tex 2008/04/22  (rcs-revision 1.9)
\pgflinewidth=\dimen152
)
(/usr/share/texmf/tex/generic/pgf/basiclayer/pgfcoretransformations.code.tex
File: pgfcoretransformations.code.tex 2009/06/10  (rcs-revision 1.11)
\pgf@pt@x=\dimen153
\pgf@pt@y=\dimen154
\pgf@pt@temp=\dimen155
)
(/usr/share/texmf/tex/generic/pgf/basiclayer/pgfcorequick.code.tex
File: pgfcorequick.code.tex 2008/10/09  (rcs-revision 1.3)
)
(/usr/share/texmf/tex/generic/pgf/basiclayer/pgfcoreobjects.code.tex
File: pgfcoreobjects.code.tex 2006/10/11  (rcs-revision 1.2)
)
(/usr/share/texmf/tex/generic/pgf/basiclayer/pgfcorepathprocessing.code.tex
File: pgfcorepathprocessing.code.tex 2008/10/09  (rcs-revision 1.8)
)
(/usr/share/texmf/tex/generic/pgf/basiclayer/pgfcorearrows.code.tex
File: pgfcorearrows.code.tex 2008/04/23  (rcs-revision 1.11)
)
(/usr/share/texmf/tex/generic/pgf/basiclayer/pgfcoreshade.code.tex
File: pgfcoreshade.code.tex 2008/11/23  (rcs-revision 1.13)
\pgf@max=\dimen156
\pgf@sys@shading@range@num=\count115
)
(/usr/share/texmf/tex/generic/pgf/basiclayer/pgfcoreimage.code.tex
File: pgfcoreimage.code.tex 2010/03/25  (rcs-revision 1.16)

(/usr/share/texmf/tex/generic/pgf/basiclayer/pgfcoreexternal.code.tex
File: pgfcoreexternal.code.tex 2010/09/01  (rcs-revision 1.17)
\pgfexternal@startupbox=\box39
))
(/usr/share/texmf/tex/generic/pgf/basiclayer/pgfcorelayers.code.tex
File: pgfcorelayers.code.tex 2010/08/27  (rcs-revision 1.2)
)
(/usr/share/texmf/tex/generic/pgf/basiclayer/pgfcoretransparency.code.tex
File: pgfcoretransparency.code.tex 2008/01/17  (rcs-revision 1.2)
)
(/usr/share/texmf/tex/generic/pgf/basiclayer/pgfcorepatterns.code.tex
File: pgfcorepatterns.code.tex 2009/07/02  (rcs-revision 1.3)
)))
(/usr/share/texmf/tex/latex/pgf/utilities/xxcolor.sty
Package: xxcolor 2003/10/24 ver 0.1
\XC@nummixins=\count116
\XC@countmixins=\count117
)
(/usr/share/texmf-texlive/tex/latex/hyperref/hyperref.sty
Package: hyperref 2009/10/09 v6.79a Hypertext links for LaTeX

(/usr/share/texmf-texlive/tex/generic/ifxetex/ifxetex.sty
Package: ifxetex 2009/01/23 v0.5 Provides ifxetex conditional
)
(/usr/share/texmf-texlive/tex/latex/oberdiek/hycolor.sty
Package: hycolor 2009/10/02 v1.5 Code for color options of hyperref/bookmark (H
O)

(/usr/share/texmf-texlive/tex/latex/oberdiek/xcolor-patch.sty
Package: xcolor-patch 2009/10/02 xcolor patch
))
\@linkdim=\dimen157
\Hy@linkcounter=\count118
\Hy@pagecounter=\count119

(/usr/share/texmf-texlive/tex/latex/hyperref/pd1enc.def
File: pd1enc.def 2009/10/09 v6.79a Hyperref: PDFDocEncoding definition (HO)
)
(/usr/share/texmf-texlive/tex/generic/oberdiek/etexcmds.sty
Package: etexcmds 2007/12/12 v1.2 Prefix for e-TeX command names (HO)

(/usr/share/texmf-texlive/tex/generic/oberdiek/infwarerr.sty
Package: infwarerr 2007/09/09 v1.2 Providing info/warning/message (HO)
)
Package etexcmds Info: Could not find \expanded.
(etexcmds)             That can mean that you are not using pdfTeX 1.50 or
(etexcmds)             that some package has redefined \expanded.
(etexcmds)             In the latter case, load this package earlier.
)
(/usr/share/texmf-texlive/tex/latex/latexconfig/hyperref.cfg
File: hyperref.cfg 2002/06/06 v1.2 hyperref configuration of TeXLive
)
(/usr/share/texmf-texlive/tex/latex/oberdiek/kvoptions.sty
Package: kvoptions 2009/08/13 v3.4 Keyval support for LaTeX options (HO)

(/usr/share/texmf-texlive/tex/generic/oberdiek/kvsetkeys.sty
Package: kvsetkeys 2009/07/30 v1.5 Key value parser with default handler suppor
t (HO)
))
Package hyperref Info: Option `bookmarks' set `true' on input line 2864.
Package hyperref Info: Option `bookmarksopen' set `true' on input line 2864.
Package hyperref Info: Option `implicit' set `false' on input line 2864.
Package hyperref Info: Hyper figures OFF on input line 2975.
Package hyperref Info: Link nesting OFF on input line 2980.
Package hyperref Info: Hyper index ON on input line 2983.
Package hyperref Info: Plain pages OFF on input line 2990.
Package hyperref Info: Backreferencing OFF on input line 2995.

Implicit mode OFF; no redefinition of LaTeX internals
Package hyperref Info: Bookmarks ON on input line 3191.
(/usr/share/texmf-texlive/tex/latex/ltxmisc/url.sty
\Urlmuskip=\muskip10
Package: url 2006/04/12  ver 3.3  Verb mode for urls, etc.
)
LaTeX Info: Redefining \url on input line 3428.

(/usr/share/texmf-texlive/tex/generic/oberdiek/bitset.sty
Package: bitset 2007/09/28 v1.0 Data type bit set (HO)

(/usr/share/texmf-texlive/tex/generic/oberdiek/intcalc.sty
Package: intcalc 2007/09/27 v1.1 Expandable integer calculations (HO)
)
(/usr/share/texmf-texlive/tex/generic/oberdiek/bigintcalc.sty
Package: bigintcalc 2007/11/11 v1.1 Expandable big integer calculations (HO)

(/usr/share/texmf-texlive/tex/generic/oberdiek/pdftexcmds.sty
Package: pdftexcmds 2009/09/23 v0.6 LuaTeX support for pdfTeX utility functions
 (HO)

(/usr/share/texmf-texlive/tex/generic/oberdiek/ifluatex.sty
Package: ifluatex 2009/04/17 v1.2 Provides the ifluatex switch (HO)
Package ifluatex Info: LuaTeX not detected.
)
(/usr/share/texmf-texlive/tex/generic/oberdiek/ltxcmds.sty
Package: ltxcmds 2009/08/05 v1.0 Some LaTeX kernel commands for general use (HO
)
)
Package pdftexcmds Info: LuaTeX not detected.
Package pdftexcmds Info: \pdf@primitive is available.
Package pdftexcmds Info: \pdf@ifprimitive is available.
)))
\Fld@menulength=\count120
\Field@Width=\dimen158
\Fld@charsize=\dimen159
\Field@toks=\toks23
Package hyperref Info: Hyper figures OFF on input line 4377.
Package hyperref Info: Link nesting OFF on input line 4382.
Package hyperref Info: Hyper index ON on input line 4385.
Package hyperref Info: backreferencing OFF on input line 4392.
Package hyperref Info: Link coloring OFF on input line 4397.
Package hyperref Info: Link coloring with OCG OFF on input line 4402.
Package hyperref Info: PDF/A mode OFF on input line 4407.

(/usr/share/texmf-texlive/tex/generic/oberdiek/atbegshi.sty
Package: atbegshi 2008/07/31 v1.9 At begin shipout hook (HO)
)
\Hy@abspage=\count121

Hyperref stopped early
)
*hyperref using default driver hpdftex*
(/usr/share/texmf-texlive/tex/latex/hyperref/hpdftex.def
File: hpdftex.def 2009/10/09 v6.79a Hyperref driver for pdfTeX
\Fld@listcount=\count122
)
(/usr/share/texmf/tex/latex/beamer/base/beamerbaserequires.sty
Package: beamerbaserequires 2010/05/01  (rcs-revision efa082c6111d)

(/usr/share/texmf/tex/latex/beamer/base/beamerbasecompatibility.sty
Package: beamerbasecompatibility 2010/07/12  (rcs-revision 6648c3177e4e)
)
(/usr/share/texmf/tex/latex/beamer/base/beamerbasefont.sty
Package: beamerbasefont 2010/05/10  (rcs-revision cd36e8a33c6b)

(/usr/share/texmf-texlive/tex/latex/amsfonts/amssymb.sty
Package: amssymb 2009/06/22 v3.00

(/usr/share/texmf-texlive/tex/latex/amsfonts/amsfonts.sty
Package: amsfonts 2009/06/22 v3.00 Basic AMSFonts support
\@emptytoks=\toks24
\symAMSa=\mathgroup4
\symAMSb=\mathgroup5
LaTeX Font Info:    Overwriting math alphabet `\mathfrak' in version `bold'
(Font)                  U/euf/m/n --> U/euf/b/n on input line 96.
)))
(/usr/share/texmf/tex/latex/beamer/base/beamerbasetranslator.sty
Package: beamerbasetranslator 2010/06/11  (rcs-revision 85fd1cc7fc42)

(/usr/share/texmf/tex/latex/beamer/base/translator/translator.sty
Package: translator 2010/06/12 ver 1.10

(/usr/share/texmf/tex/latex/beamer/base/translator/translator-language-mappings
.tex))) (/usr/share/texmf/tex/latex/beamer/base/beamerbasemisc.sty
Package: beamerbasemisc 2010/06/06  (rcs-revision bff0a9294b45)
)
(/usr/share/texmf/tex/latex/beamer/base/beamerbasetwoscreens.sty
Package: beamerbasetwoscreens 2010/05/01  (rcs-revision efa082c6111d)
)
(/usr/share/texmf/tex/latex/beamer/base/beamerbaseoverlay.sty
Package: beamerbaseoverlay 2010/05/07  (rcs-revision 5584dad462a9)
\beamer@argscount=\count123
\beamer@lastskipcover=\skip44
\beamer@trivlistdepth=\count124
)
(/usr/share/texmf/tex/latex/beamer/base/beamerbasetitle.sty
Package: beamerbasetitle 2010/06/12  (rcs-revision 717e481ca47a)
)
(/usr/share/texmf/tex/latex/beamer/base/beamerbasesection.sty
Package: beamerbasesection 2010/06/17  (rcs-revision e0d9401bb743)
\c@lecture=\count125
\c@part=\count126
\c@section=\count127
\c@subsection=\count128
\c@subsubsection=\count129
)
(/usr/share/texmf/tex/latex/beamer/base/beamerbaseframe.sty
Package: beamerbaseframe 2010/06/06  (rcs-revision bff0a9294b45)
\beamer@framebox=\box40
\beamer@frametitlebox=\box41
\beamer@zoombox=\box42
\beamer@zoomcount=\count130
\beamer@zoomframecount=\count131
\beamer@frametextheight=\dimen160
\c@subsectionslide=\count132
\beamer@frametopskip=\skip45
\beamer@framebottomskip=\skip46
\beamer@frametopskipautobreak=\skip47
\beamer@framebottomskipautobreak=\skip48
\beamer@envbody=\toks25
\c@framenumber=\count133
)
(/usr/share/texmf/tex/latex/beamer/base/beamerbaseverbatim.sty
Package: beamerbaseverbatim 2010/05/01  (rcs-revision efa082c6111d)
\beamer@verbatimfileout=\write4
)
(/usr/share/texmf/tex/latex/beamer/base/beamerbaseframesize.sty
Package: beamerbaseframesize 2010/06/27  (rcs-revision 6baa2d92e6f1)
\beamer@splitbox=\box43
\beamer@autobreakcount=\count134
\beamer@autobreaklastheight=\dimen161
\beamer@frametitletoks=\toks26
\beamer@framesubtitletoks=\toks27
)
(/usr/share/texmf/tex/latex/beamer/base/beamerbaseframecomponents.sty
Package: beamerbaseframecomponents 2010/07/12  (rcs-revision 09e82992d9b1)
\beamer@footins=\box44
)
(/usr/share/texmf/tex/latex/beamer/base/beamerbasecolor.sty
Package: beamerbasecolor 2010/06/06  (rcs-revision d1a9b48be06d)
)
(/usr/share/texmf/tex/latex/beamer/base/beamerbasenotes.sty
Package: beamerbasenotes 2010/05/01  (rcs-revision efa082c6111d)
\beamer@frameboxcopy=\box45
)
(/usr/share/texmf/tex/latex/beamer/base/beamerbasetoc.sty
Package: beamerbasetoc 2010/06/11  (rcs-revision 242ecaa6783b)
)
(/usr/share/texmf/tex/latex/beamer/base/beamerbasetemplates.sty
Package: beamerbasetemplates 2010/05/01  (rcs-revision efa082c6111d)
\beamer@sbttoks=\toks28

(/usr/share/texmf/tex/latex/beamer/base/beamerbaseauxtemplates.sty
Package: beamerbaseauxtemplates 2010/05/01  (rcs-revision efa082c6111d)

(/usr/share/texmf/tex/latex/beamer/base/beamerbaseboxes.sty
Package: beamerbaseboxes 2010/05/01  (rcs-revision efa082c6111d)
\bmb@box=\box46
\bmb@colorbox=\box47
\bmb@boxshadow=\box48
\bmb@boxshadowball=\box49
\bmb@boxshadowballlarge=\box50
\bmb@temp=\dimen162
\bmb@dima=\dimen163
\bmb@dimb=\dimen164
\bmb@prevheight=\dimen165
)
\beamer@blockheadheight=\dimen166
))
(/usr/share/texmf/tex/latex/beamer/base/beamerbaselocalstructure.sty
Package: beamerbaselocalstructure 2010/06/01  (rcs-revision 81f9e33f7cc2)

(/usr/share/texmf-texlive/tex/latex/tools/enumerate.sty
Package: enumerate 1999/03/05 v3.00 enumerate extensions (DPC)
\@enLab=\toks29
)
\c@figure=\count135
\c@table=\count136
\abovecaptionskip=\skip49
\belowcaptionskip=\skip50
)
(/usr/share/texmf/tex/latex/beamer/base/beamerbasenavigation.sty
Package: beamerbasenavigation 2010/05/01  (rcs-revision efa082c6111d)
)
(/usr/share/texmf/tex/latex/beamer/base/beamerbasetheorems.sty
Package: beamerbasetheorems 2010/06/06  (rcs-revision 7e7cc5e53e9d)

(/usr/share/texmf-texlive/tex/latex/amsmath/amsmath.sty
Package: amsmath 2000/07/18 v2.13 AMS math features
\@mathmargin=\skip51

For additional information on amsmath, use the `?' option.
(/usr/share/texmf-texlive/tex/latex/amsmath/amstext.sty
Package: amstext 2000/06/29 v2.01

(/usr/share/texmf-texlive/tex/latex/amsmath/amsgen.sty
File: amsgen.sty 1999/11/30 v2.0
\@emptytoks=\toks30
\ex@=\dimen167
))
(/usr/share/texmf-texlive/tex/latex/amsmath/amsbsy.sty
Package: amsbsy 1999/11/29 v1.2d
\pmbraise@=\dimen168
)
(/usr/share/texmf-texlive/tex/latex/amsmath/amsopn.sty
Package: amsopn 1999/12/14 v2.01 operator names
)
\inf@bad=\count137
LaTeX Info: Redefining \frac on input line 211.
\uproot@=\count138
\leftroot@=\count139
LaTeX Info: Redefining \overline on input line 307.
\classnum@=\count140
\DOTSCASE@=\count141
LaTeX Info: Redefining \ldots on input line 379.
LaTeX Info: Redefining \dots on input line 382.
LaTeX Info: Redefining \cdots on input line 467.
\Mathstrutbox@=\box51
\strutbox@=\box52
\big@size=\dimen169
LaTeX Font Info:    Redeclaring font encoding OML on input line 567.
LaTeX Font Info:    Redeclaring font encoding OMS on input line 568.
\macc@depth=\count142
\c@MaxMatrixCols=\count143
\dotsspace@=\muskip11
\c@parentequation=\count144
\dspbrk@lvl=\count145
\tag@help=\toks31
\row@=\count146
\column@=\count147
\maxfields@=\count148
\andhelp@=\toks32
\eqnshift@=\dimen170
\alignsep@=\dimen171
\tagshift@=\dimen172
\tagwidth@=\dimen173
\totwidth@=\dimen174
\lineht@=\dimen175
\@envbody=\toks33
\multlinegap=\skip52
\multlinetaggap=\skip53
\mathdisplay@stack=\toks34
LaTeX Info: Redefining \[ on input line 2666.
LaTeX Info: Redefining \] on input line 2667.
)
(/usr/share/texmf-texlive/tex/latex/amscls/amsthm.sty
Package: amsthm 2004/08/06 v2.20
\thm@style=\toks35
\thm@bodyfont=\toks36
\thm@headfont=\toks37
\thm@notefont=\toks38
\thm@headpunct=\toks39
\thm@preskip=\skip54
\thm@postskip=\skip55
\thm@headsep=\skip56
\dth@everypar=\toks40
)
\c@theorem=\count149
)
(/usr/share/texmf/tex/latex/beamer/base/beamerbasethemes.sty
Package: beamerbasethemes 2010/05/01  (rcs-revision efa082c6111d)
))
(/usr/share/texmf/tex/latex/beamer/base/themes/theme/beamerthemedefault.sty
Package: beamerthemedefault 2010/06/17  (rcs-revision d02a7cf4d8ae)

(/usr/share/texmf/tex/latex/beamer/base/themes/font/beamerfontthemedefault.sty
Package: beamerfontthemedefault 2010/06/17  (rcs-revision d02a7cf4d8ae)
)
(/usr/share/texmf/tex/latex/beamer/base/themes/color/beamercolorthemedefault.st
y
Package: beamercolorthemedefault 2010/06/17  (rcs-revision d02a7cf4d8ae)
)
(/usr/share/texmf/tex/latex/beamer/base/themes/inner/beamerinnerthemedefault.st
y
Package: beamerinnerthemedefault 2010/06/17  (rcs-revision d02a7cf4d8ae)
\beamer@dima=\dimen176
\beamer@dimb=\dimen177
)
(/usr/share/texmf/tex/latex/beamer/base/themes/outer/beamerouterthemedefault.st
y
Package: beamerouterthemedefault 2010/06/17  (rcs-revision d02a7cf4d8ae)
))) (/usr/share/texmf-texlive/tex/latex/base/inputenc.sty
Package: inputenc 2008/03/30 v1.1d Input encoding file
\inpenc@prehook=\toks41
\inpenc@posthook=\toks42

(/usr/share/texmf-texlive/tex/latex/ucs/utf8x.def
File: utf8x.def 2004/10/17 UCS: Input encoding UTF-8
))
(/usr/share/texmf-texlive/tex/latex/ucs/ucs.sty
Package: ucs 2004/10/17 UCS: Unicode input support

(/usr/share/texmf-texlive/tex/latex/ucs/data/uni-global.def
File: uni-global.def 2004/10/17 UCS: Unicode global data
)
\uc@secondtry=\count150
\uc@combtoks=\toks43
\uc@combtoksb=\toks44
\uc@temptokena=\toks45
)
(/usr/share/texmf/tex/latex/beamer/base/themes/theme/beamerthemeSzeged.sty
Package: beamerthemeSzeged 2010/06/17  (rcs-revision d02a7cf4d8ae)

(/usr/share/texmf/tex/latex/beamer/base/themes/outer/beamerouterthememiniframes
.sty
Package: beamerouterthememiniframes 2010/06/17  (rcs-revision d02a7cf4d8ae)
))
(/usr/share/texmf/tex/latex/beamer/base/themes/color/beamercolorthemedolphin.st
y
Package: beamercolorthemedolphin 2010/06/17  (rcs-revision d02a7cf4d8ae)
) (/usr/share/texmf-texlive/tex/latex/caption/caption.sty
Package: caption 2009/10/09 v3.1k Customizing captions (AR)

(/usr/share/texmf-texlive/tex/latex/caption/caption3.sty
Package: caption3 2009/10/09 v3.1k caption3 kernel (AR)
\captionmargin=\dimen178
\captionmargin@=\dimen179
\captionwidth=\dimen180
\caption@indent=\dimen181
\caption@parindent=\dimen182
\caption@hangindent=\dimen183
)
\c@ContinuedFloat=\count151
Package caption Info: beamer document class.
Package caption Info: hyperref package is loaded.


Package caption Warning: Hyperref support is turned off
(caption)                because hyperref has stopped early.
See the caption package documentation for explanation.

) (/usr/share/texmf-texlive/tex/latex/setspace/setspace.sty
Package: setspace 2000/12/01 6.7 Contributed and Supported LaTeX2e package

Package: `setspace' 6.7 <2000/12/01>
) (/usr/share/texmf-texlive/tex/latex/subfigure/subfigure.sty
Package: subfigure 2002/03/15 v2.1.5 subfigure package
\subfigtopskip=\skip57
\subfigcapskip=\skip58
\subfigcaptopadj=\dimen184
\subfigbottomskip=\skip59
\subfigcapmargin=\dimen185
\subfiglabelskip=\skip60
\c@subfigure=\count152
\c@lofdepth=\count153
\c@subtable=\count154
\c@lotdepth=\count155

****************************************
* Local config file subfigure.cfg used *
****************************************
(/usr/share/texmf-texlive/tex/latex/subfigure/subfigure.cfg)
\subfig@top=\skip61
\subfig@bottom=\skip62
)
(/usr/share/texmf-texlive/tex/latex/graphics/epsfig.sty
Package: epsfig 1999/02/16 v1.7a (e)psfig emulation (SPQR)
\epsfxsize=\dimen186
\epsfysize=\dimen187
)
(/usr/share/texmf/tex/latex/pgf/frontendlayer/tikz.sty
(/usr/share/texmf/tex/latex/pgf/basiclayer/pgf.sty
Package: pgf 2008/01/15 v2.10 (rcs-revision 1.12)

(/usr/share/texmf/tex/generic/pgf/modules/pgfmoduleshapes.code.tex
File: pgfmoduleshapes.code.tex 2010/09/09  (rcs-revision 1.13)
\pgfnodeparttextbox=\box53
)
(/usr/share/texmf/tex/generic/pgf/modules/pgfmoduleplot.code.tex
File: pgfmoduleplot.code.tex 2010/10/22  (rcs-revision 1.8)
)
(/usr/share/texmf/tex/latex/pgf/compatibility/pgfcomp-version-0-65.sty
Package: pgfcomp-version-0-65 2007/07/03 v2.10 (rcs-revision 1.7)
\pgf@nodesepstart=\dimen188
\pgf@nodesepend=\dimen189
)
(/usr/share/texmf/tex/latex/pgf/compatibility/pgfcomp-version-1-18.sty
Package: pgfcomp-version-1-18 2007/07/23 v2.10 (rcs-revision 1.1)
))
(/usr/share/texmf/tex/latex/pgf/utilities/pgffor.sty
(/usr/share/texmf/tex/latex/pgf/utilities/pgfkeys.sty
(/usr/share/texmf/tex/generic/pgf/utilities/pgfkeys.code.tex))
(/usr/share/texmf/tex/generic/pgf/utilities/pgffor.code.tex
Package: pgffor 2010/03/23 v2.10 (rcs-revision 1.18)
\pgffor@iter=\dimen190
\pgffor@skip=\dimen191
\pgffor@stack=\toks46
\pgffor@toks=\toks47
))
(/usr/share/texmf/tex/generic/pgf/frontendlayer/tikz/tikz.code.tex
Package: tikz 2010/10/13 v2.10 (rcs-revision 1.76)

(/usr/share/texmf/tex/generic/pgf/libraries/pgflibraryplothandlers.code.tex
File: pgflibraryplothandlers.code.tex 2010/05/31 v2.10 (rcs-revision 1.15)
\pgf@plot@mark@count=\count156
\pgfplotmarksize=\dimen192
)
\tikz@lastx=\dimen193
\tikz@lasty=\dimen194
\tikz@lastxsaved=\dimen195
\tikz@lastysaved=\dimen196
\tikzleveldistance=\dimen197
\tikzsiblingdistance=\dimen198
\tikz@figbox=\box54
\tikz@tempbox=\box55
\tikztreelevel=\count157
\tikznumberofchildren=\count158
\tikznumberofcurrentchild=\count159
\tikz@fig@count=\count160

(/usr/share/texmf/tex/generic/pgf/modules/pgfmodulematrix.code.tex
File: pgfmodulematrix.code.tex 2010/08/24  (rcs-revision 1.4)
\pgfmatrixcurrentrow=\count161
\pgfmatrixcurrentcolumn=\count162
\pgf@matrix@numberofcolumns=\count163
)
\tikz@expandcount=\count164

(/usr/share/texmf/tex/generic/pgf/frontendlayer/tikz/libraries/tikzlibrarytopat
hs.code.tex
File: tikzlibrarytopaths.code.tex 2008/06/17 v2.10 (rcs-revision 1.2)
))) (/usr/share/texmf-texlive/tex/latex/natbib/bibentry.sty
Package: bibentry 2007/10/30 1.5 (PWD)
)
(/usr/share/texmf-texlive/tex/latex/tools/multicol.sty
Package: multicol 2008/12/05 v1.6h multicolumn formatting (FMi)
\c@tracingmulticols=\count165
\mult@box=\box56
\multicol@leftmargin=\dimen199
\c@unbalance=\count166
\c@collectmore=\count167
\doublecol@number=\count168
\multicoltolerance=\count169
\multicolpretolerance=\count170
\full@width=\dimen200
\page@free=\dimen201
\premulticols=\dimen202
\postmulticols=\dimen203
\multicolsep=\skip63
\multicolbaselineskip=\skip64
\partial@page=\box57
\last@line=\box58
\mult@rightbox=\box59
\mult@grightbox=\box60
\mult@gfirstbox=\box61
\mult@firstbox=\box62
\@tempa=\box63
\@tempa=\box64
\@tempa=\box65
\@tempa=\box66
\@tempa=\box67
\@tempa=\box68
\@tempa=\box69
\@tempa=\box70
\@tempa=\box71
\@tempa=\box72
\@tempa=\box73
\@tempa=\box74
\@tempa=\box75
\@tempa=\box76
\@tempa=\box77
\@tempa=\box78
\@tempa=\box79
\c@columnbadness=\count171
\c@finalcolumnbadness=\count172
\last@try=\dimen204
\multicolovershoot=\dimen205
\multicolundershoot=\dimen206
\mult@nat@firstbox=\box80
\colbreak@box=\box81
)
(/usr/share/texmf-texlive/tex/latex/mh/mathtools.sty
Package: mathtools 2008/08/01 v1.06 mathematical typesetting tools (MH)

(/usr/share/texmf-texlive/tex/latex/tools/calc.sty
Package: calc 2007/08/22 v4.3 Infix arithmetic (KKT,FJ)
\calc@Acount=\count173
\calc@Bcount=\count174
\calc@Adimen=\dimen207
\calc@Bdimen=\dimen208
\calc@Askip=\skip65
\calc@Bskip=\skip66
LaTeX Info: Redefining \setlength on input line 76.
LaTeX Info: Redefining \addtolength on input line 77.
\calc@Ccount=\count175
\calc@Cskip=\skip67
)
(/usr/share/texmf-texlive/tex/latex/mh/mhsetup.sty
Package: mhsetup 2007/12/03 v1.2 programming setup (MH)
)
\g_MT_multlinerow_int=\count176
\l_MT_multwidth_dim=\dimen209
)
(/usr/share/texmf-texlive/tex/latex/mh/empheq.sty
Package: empheq 2007/12/03 v2.12 Emphasizing equations (MH)
\l_EQ_equationtype_int=\count177
\l_EQ_alignmentmode_int=\count178
\l_EQ_totalwidth_dim=\dimen210
\l_EQ_displaywidth_dim=\dimen211
\l_EQ_temp_linewidth_dim=\dimen212
\EmphEqdelimitershortfall=\dimen213
\EmphEqdelimiterfactor=\count179
\g_EQ_toptag_height_dim=\dimen214
\g_EQ_bottomtag_depth_dim=\dimen215
\g_EQ_toprow_height_dim=\dimen216
\g_EQ_bottomrow_depth_dim=\dimen217
\g_EQ_widesttag_dim=\dimen218
\EQ_mathdisplay_box=\box82
\EQ_tag_box=\box83
\g_EQ_temprow_int=\count180
)
(/usr/share/texmf/tex/latex/beamer/base/themes/font/beamerfontthemeserif.sty
Package: beamerfontthemeserif 2010/06/17  (rcs-revision d02a7cf4d8ae)
)
(./final_pres2.aux)
\openout1 = `final_pres2.aux'.

LaTeX Font Info:    Checking defaults for OML/cmm/m/it on input line 107.
LaTeX Font Info:    ... okay on input line 107.
LaTeX Font Info:    Checking defaults for T1/cmr/m/n on input line 107.
LaTeX Font Info:    ... okay on input line 107.
LaTeX Font Info:    Checking defaults for OT1/cmr/m/n on input line 107.
LaTeX Font Info:    ... okay on input line 107.
LaTeX Font Info:    Checking defaults for OMS/cmsy/m/n on input line 107.
LaTeX Font Info:    ... okay on input line 107.
LaTeX Font Info:    Checking defaults for OMX/cmex/m/n on input line 107.
LaTeX Font Info:    ... okay on input line 107.
LaTeX Font Info:    Checking defaults for U/cmr/m/n on input line 107.
LaTeX Font Info:    ... okay on input line 107.
LaTeX Font Info:    Checking defaults for PD1/pdf/m/n on input line 107.
LaTeX Font Info:    ... okay on input line 107.

*geometry auto-detecting driver*
*geometry detected driver: pdftex*
-------------------- Geometry parameters
paper: user defined
landscape: --
twocolumn: --
twoside: --
asymmetric: --
h-parts: 28.45274pt, 307.28987pt, 28.45274pt
v-parts: 0.0pt, 273.14662pt, 0.0pt
hmarginratio: --
vmarginratio: --
lines: --
heightrounded: --
bindingoffset: 0.0pt
truedimen: --
includehead: true
includefoot: true
includemp: --
driver: pdftex
-------------------- Page layout dimensions and switches
\paperwidth  364.19536pt
\paperheight 273.14662pt
\textwidth  307.28987pt
\textheight 244.6939pt
\oddsidemargin  -43.81725pt
\evensidemargin -43.81725pt
\topmargin  -72.26999pt
\headheight 14.22636pt
\headsep    0.0pt
\footskip   14.22636pt
\marginparwidth 4.0pt
\marginparsep   10.0pt
\columnsep  10.0pt
\skip\footins  10.0pt plus 4.0pt minus 2.0pt
\hoffset 0.0pt
\voffset 0.0pt
\mag 1000

(1in=72.27pt, 1cm=28.45pt)
-----------------------
(/usr/share/texmf-texlive/tex/context/base/supp-pdf.mkii
[Loading MPS to PDF converter (version 2006.09.02).]
\scratchcounter=\count181
\scratchdimen=\dimen219
\scratchbox=\box84
\nofMPsegments=\count182
\nofMParguments=\count183
\everyMPshowfont=\toks48
\MPscratchCnt=\count184
\MPscratchDim=\dimen220
\MPnumerator=\count185
\everyMPtoPDFconversion=\toks49
) ABD: EveryShipout initializing macros
Package hyperref Info: Link coloring OFF on input line 107.

(/usr/share/texmf-texlive/tex/latex/hyperref/nameref.sty
Package: nameref 2007/05/29 v2.31 Cross-referencing by name of section

(/usr/share/texmf-texlive/tex/latex/oberdiek/refcount.sty
Package: refcount 2008/08/11 v3.1 Data extraction from references (HO)
)
\c@section@level=\count186
)
LaTeX Info: Redefining \ref on input line 107.
LaTeX Info: Redefining \pageref on input line 107.
 (./final_pres2.out) (./final_pres2.out)
\@outlinefile=\write5
\openout5 = `final_pres2.out'.

\AtBeginShipoutBox=\box85

(/usr/share/texmf/tex/latex/beamer/base/translator/dicts/translator-basic-dicti
onary/translator-basic-dictionary-English.dict
Dictionary: translator-basic-dictionary, Language: English 
)
(/usr/share/texmf/tex/latex/beamer/base/translator/dicts/translator-bibliograph
y-dictionary/translator-bibliography-dictionary-English.dict
Dictionary: translator-bibliography-dictionary, Language: English 
)
(/usr/share/texmf/tex/latex/beamer/base/translator/dicts/translator-environment
-dictionary/translator-environment-dictionary-English.dict
Dictionary: translator-environment-dictionary, Language: English 
)
(/usr/share/texmf/tex/latex/beamer/base/translator/dicts/translator-months-dict
ionary/translator-months-dictionary-English.dict
Dictionary: translator-months-dictionary, Language: English 
)
(/usr/share/texmf/tex/latex/beamer/base/translator/dicts/translator-numbers-dic
tionary/translator-numbers-dictionary-English.dict
Dictionary: translator-numbers-dictionary, Language: English 
)
(/usr/share/texmf/tex/latex/beamer/base/translator/dicts/translator-theorem-dic
tionary/translator-theorem-dictionary-English.dict
Dictionary: translator-theorem-dictionary, Language: English 
)
(/usr/share/texmf-texlive/tex/latex/ucs/ucsencs.def
File: ucsencs.def 2003/11/29 Fixes to fontencodings LGR, T3
)
Package caption Info: Begin \AtBeginDocument code.
Package caption Info: subfigure package is loaded.
Package caption Info: End \AtBeginDocument code.
 (./final_pres2.nav)
<Diagrams/T35logo2.png, id=66, 139.722pt x 138.919pt>
File: Diagrams/T35logo2.png Graphic file (type png)

<use Diagrams/T35logo2.png>
<Diagrams/tmplogo.jpg, id=68, 132.9768pt x 31.0761pt>
File: Diagrams/tmplogo.jpg Graphic file (type jpg)

<use Diagrams/tmplogo.jpg>
Overfull \hbox (12.39194pt too wide) in paragraph at lines 120--120
[]|  []  
 []

No file final_pres2.bbl.

LaTeX Font Warning: Font shape `OT1/cmss/m/n' in size <4> not available
(Font)              size <5> substituted on input line 120.


Overfull \hbox (1.20033pt too wide) has occurred while \output is active
[] 
 []

[1{/var/lib/texmf/fonts/map/pdftex/updmap/pdftex.map}

 <./Diagrams/T35logo2.png> <./Diagrams/tmplogo.jpg>] (./final_pres2.toc
LaTeX Font Info:    Try loading font information for U+msa on input line 2.

(/usr/share/texmf-texlive/tex/latex/amsfonts/umsa.fd
File: umsa.fd 2009/06/22 v3.00 AMS symbols A
)
LaTeX Font Info:    Try loading font information for U+msb on input line 2.

(/usr/share/texmf-texlive/tex/latex/amsfonts/umsb.fd
File: umsb.fd 2009/06/22 v3.00 AMS symbols B
))
Overfull \hbox (1.20033pt too wide) has occurred while \output is active
[] 
 []

[2

] <Diagrams/Presentation/indepears.png, id=132, 100.375pt x 105.39375pt>
File: Diagrams/Presentation/indepears.png Graphic file (type png)

<use Diagrams/Presentation/indepears.png>
<Diagrams/Presentation/coupledears.png, id=133, 100.375pt x 105.39375pt>
File: Diagrams/Presentation/coupledears.png Graphic file (type png)

<use Diagrams/Presentation/coupledears.png>
Overfull \hbox (1.20033pt too wide) has occurred while \output is active
[] 
 []

[3

 <./Diagrams/Presentation/indepears.png> <./Diagrams/Presentation/coupledears.p
ng>]
File: Diagrams/Presentation/coupledears.png Graphic file (type png)
 <use Diagrams/Presentation/coupledears.png>
Overfull \hbox (1.20033pt too wide) has occurred while \output is active
[] 
 []

[4

] <Diagrams/Presentation/HumanITD.png, id=156, 1519.276pt x 1040.688pt>
File: Diagrams/Presentation/HumanITD.png Graphic file (type png)

<use Diagrams/Presentation/HumanITD.png>
<Diagrams/Presentation/HumanILD.png, id=157, 385.44pt x 268.00125pt>
File: Diagrams/Presentation/HumanILD.png Graphic file (type png)

<use Diagrams/Presentation/HumanILD.png>
Overfull \hbox (1.20033pt too wide) has occurred while \output is active
[] 
 []

[5

 <./Diagrams/Presentation/HumanITD.png> <./Diagrams/Presentation/HumanILD.png>]

Overfull \hbox (1.20033pt too wide) has occurred while \output is active
[] 
 []

[6

]
Overfull \hbox (1.20033pt too wide) has occurred while \output is active
[] 
 []

[7

]
Overfull \hbox (1.20033pt too wide) has occurred while \output is active
[] 
 []

[8

]
Overfull \hbox (1.20033pt too wide) has occurred while \output is active
[] 
 []

[9

] <Diagrams/Presentation/oldCylinder.png, id=214, 787.743pt x 620.719pt>
File: Diagrams/Presentation/oldCylinder.png Graphic file (type png)

<use Diagrams/Presentation/oldCylinder.png>
Overfull \hbox (1.20033pt too wide) has occurred while \output is active
[] 
 []

[10

 <./Diagrams/Presentation/oldCylinder.png>]
File: Diagrams/Presentation/oldCylinder.png Graphic file (type png)

<use Diagrams/Presentation/oldCylinder.png>
<Diagrams/Presentation/newCylinder.png, id=229, 1097.701pt x 778.91pt>
File: Diagrams/Presentation/newCylinder.png Graphic file (type png)

<use Diagrams/Presentation/newCylinder.png>
Overfull \hbox (1.20033pt too wide) has occurred while \output is active
[] 
 []

[11

 <./Diagrams/Presentation/newCylinder.png>]
Overfull \hbox (1.20033pt too wide) has occurred while \output is active
[] 
 []

[12

]
Overfull \hbox (1.20033pt too wide) has occurred while \output is active
[] 
 []

[13

]
<Diagrams/Presentation/pressurebessel.png, id=269, 2433.09pt x 1504.019pt>
File: Diagrams/Presentation/pressurebessel.png Graphic file (type png)

<use Diagrams/Presentation/pressurebessel.png>
Overfull \hbox (1.20033pt too wide) has occurred while \output is active
[] 
 []

[14

 <./Diagrams/Presentation/pressurebessel.png>]
<Diagrams/Presentation/BoundaryConditions/cylinderradial.png, id=281, 480.997pt
 x 472.967pt>
File: Diagrams/Presentation/BoundaryConditions/cylinderradial.png Graphic file 
(type png)

<use Diagrams/Presentation/BoundaryConditions/cylinderradial.png>
Overfull \hbox (1.20033pt too wide) has occurred while \output is active
[] 
 []

[15

 <./Diagrams/Presentation/BoundaryConditions/cylinderradial.png>]
File: Diagrams/Presentation/BoundaryConditions/cylinderradial.png Graphic file 
(type png)

<use Diagrams/Presentation/BoundaryConditions/cylinderradial.png>
<Diagrams/Presentation/BoundaryConditions/besselprimezeros.png, id=298, 719.488
pt x 444.862pt>
File: Diagrams/Presentation/BoundaryConditions/besselprimezeros.png Graphic fil
e (type png)

<use Diagrams/Presentation/BoundaryConditions/besselprimezeros.png>
Overfull \hbox (1.20033pt too wide) has occurred while \output is active
[] 
 []

[16

 <./Diagrams/Presentation/BoundaryConditions/besselprimezeros.png>]
<Diagrams/Presentation/BoundaryConditions/presmode00.png, id=310, 289.08pt x 22
1.628pt>
File: Diagrams/Presentation/BoundaryConditions/presmode00.png Graphic file (typ
e png)
 <use Diagrams/Presentation/BoundaryConditions/presmode00.png>
<Diagrams/Presentation/BoundaryConditions/presmode11.png, id=311, 299.519pt x 2
21.628pt>
File: Diagrams/Presentation/BoundaryConditions/presmode11.png Graphic file (typ
e png)
 <use Diagrams/Presentation/BoundaryConditions/presmode11.png>
<Diagrams/Presentation/BoundaryConditions/presmode21.png, id=312, 289.08pt x 22
1.628pt>
File: Diagrams/Presentation/BoundaryConditions/presmode21.png Graphic file (typ
e png)
 <use Diagrams/Presentation/BoundaryConditions/presmode21.png>
<Diagrams/Presentation/BoundaryConditions/presmode02.png, id=313, 297.11pt x 22
1.628pt>
File: Diagrams/Presentation/BoundaryConditions/presmode02.png Graphic file (typ
e png)
 <use Diagrams/Presentation/BoundaryConditions/presmode02.png>
Overfull \hbox (26.27786pt too wide) in paragraph at lines 777--777
[][]  
 []


Overfull \hbox (1.20033pt too wide) has occurred while \output is active
[] 
 []

[17

 <./Diagrams/Presentation/BoundaryConditions/presmode00.png> <./Diagrams/Presen
tation/BoundaryConditions/presmode11.png> <./Diagrams/Presentation/BoundaryCond
itions/presmode21.png> <./Diagrams/Presentation/BoundaryConditions/presmode02.p
ng>]
File: Diagrams/Presentation/BoundaryConditions/presmode00.png Graphic file (typ
e png)
 <use Diagrams/Presentation/BoundaryConditions/presmode00.png>
File: Diagrams/Presentation/BoundaryConditions/presmode11.png Graphic file (typ
e png)

<use Diagrams/Presentation/BoundaryConditions/presmode11.png>
File: Diagrams/Presentation/BoundaryConditions/presmode21.png Graphic file (typ
e png)

<use Diagrams/Presentation/BoundaryConditions/presmode21.png>
File: Diagrams/Presentation/BoundaryConditions/presmode02.png Graphic file (typ
e png)

<use Diagrams/Presentation/BoundaryConditions/presmode02.png>
Overfull \hbox (26.27786pt too wide) in paragraph at lines 777--777
[][]  
 []


Overfull \hbox (1.20033pt too wide) has occurred while \output is active
[] 
 []

[18

] <Diagrams/geckoear.png, id=338, 531.48563pt x 411.03563pt>
File: Diagrams/geckoear.png Graphic file (type png)

<use Diagrams/geckoear.png>
<Diagrams/tympanummodel.png, id=339, 918.632pt x 801.394pt>
File: Diagrams/tympanummodel.png Graphic file (type png)

<use Diagrams/tympanummodel.png>
Overfull \hbox (1.20033pt too wide) has occurred while \output is active
[] 
 []

[19

 <./Diagrams/geckoear.png (PNG copy)> <./Diagrams/tympanummodel.png>]
Overfull \hbox (1.20033pt too wide) has occurred while \output is active
[] 
 []

[20

]
Overfull \hbox (1.20033pt too wide) has occurred while \output is active
[] 
 []

[21

]
<Diagrams/Presentation/BoundaryConditions/bc2.png, id=373, 893.739pt x 798.985p
t>
File: Diagrams/Presentation/BoundaryConditions/bc2.png Graphic file (type png)
 <use Diagrams/Presentation/BoundaryConditions/bc2.png>
Overfull \hbox (1.20033pt too wide) has occurred while \output is active
[] 
 []

[22

 <./Diagrams/Presentation/BoundaryConditions/bc2.png>]
<Diagrams/Presentation/BoundaryConditions/bc1.png, id=385, 898.557pt x 810.227p
t>
File: Diagrams/Presentation/BoundaryConditions/bc1.png Graphic file (type png)
 <use Diagrams/Presentation/BoundaryConditions/bc1.png>
<Diagrams/Presentation/BoundaryConditions/besselzeros.png, id=386, 361.35pt x 2
23.83624pt>
File: Diagrams/Presentation/BoundaryConditions/besselzeros.png Graphic file (ty
pe png)
 <use Diagrams/Presentation/BoundaryConditions/besselzeros.png>
Overfull \hbox (1.20033pt too wide) has occurred while \output is active
[] 
 []

[23

 <./Diagrams/Presentation/BoundaryConditions/bc1.png> <./Diagrams/Presentation/
BoundaryConditions/besselzeros.png>]
<Diagrams/Presentation/BoundaryConditions/membmode1.png, id=399, 302.731pt x 22
1.628pt>
File: Diagrams/Presentation/BoundaryConditions/membmode1.png Graphic file (type
 png)
 <use Diagrams/Presentation/BoundaryConditions/membmode1.png>
<Diagrams/Presentation/BoundaryConditions/membmode2.png, id=400, 313.973pt x 22
1.628pt>
File: Diagrams/Presentation/BoundaryConditions/membmode2.png Graphic file (type
 png)
 <use Diagrams/Presentation/BoundaryConditions/membmode2.png>
<Diagrams/Presentation/BoundaryConditions/membmode3.png, id=401, 289.883pt x 22
1.628pt>
File: Diagrams/Presentation/BoundaryConditions/membmode3.png Graphic file (type
 png)
 <use Diagrams/Presentation/BoundaryConditions/membmode3.png>
<Diagrams/Presentation/BoundaryConditions/membmode4.png, id=402, 311.564pt x 22
1.628pt>
File: Diagrams/Presentation/BoundaryConditions/membmode4.png Graphic file (type
 png)
 <use Diagrams/Presentation/BoundaryConditions/membmode4.png>
Overfull \vbox (7.96512pt too high) detected at line 1021
 []


Overfull \hbox (1.20033pt too wide) has occurred while \output is active
[] 
 []

[24

 <./Diagrams/Presentation/BoundaryConditions/membmode1.png> <./Diagrams/Present
ation/BoundaryConditions/membmode2.png> <./Diagrams/Presentation/BoundaryCondit
ions/membmode3.png> <./Diagrams/Presentation/BoundaryConditions/membmode4.png>]

Overfull \hbox (1.20033pt too wide) has occurred while \output is active
[] 
 []

[25

]
Overfull \hbox (1.20033pt too wide) has occurred while \output is active
[] 
 []

[26

]
Overfull \hbox (1.20033pt too wide) has occurred while \output is active
[] 
 []

[27

]
Overfull \hbox (1.20033pt too wide) has occurred while \output is active
[] 
 []

[28

]
Overfull \hbox (1.20033pt too wide) has occurred while \output is active
[] 
 []

[29

]
<Diagrams/Presentation/acousticheadmodelold.png, id=469, 1414.083pt x 1222.166p
t>
File: Diagrams/Presentation/acousticheadmodelold.png Graphic file (type png)
 <use Diagrams/Presentation/acousticheadmodelold.png>
Overfull \hbox (17.0716pt too wide) in paragraph at lines 1132--1132
[][]  
 []


Overfull \hbox (1.20033pt too wide) has occurred while \output is active
[] 
 []

[30

 <./Diagrams/Presentation/acousticheadmodelold.png>]
File: Diagrams/Presentation/acousticheadmodelold.png Graphic file (type png)

<use Diagrams/Presentation/acousticheadmodelold.png>
Overfull \hbox (17.0716pt too wide) in paragraph at lines 1132--1132
[][]  
 []


Overfull \hbox (1.20033pt too wide) has occurred while \output is active
[] 
 []

[31

]
File: Diagrams/Presentation/acousticheadmodelold.png Graphic file (type png)
 <use Diagrams/Presentation/acousticheadmodelold.png>
Overfull \hbox (17.0716pt too wide) in paragraph at lines 1132--1132
[][]  
 []


Overfull \hbox (1.20033pt too wide) has occurred while \output is active
[] 
 []

[32

]
<Diagrams/Presentation/acousticheadmodel2.png, id=502, 1372.327pt x 1372.327pt>
File: Diagrams/Presentation/acousticheadmodel2.png Graphic file (type png)
<use Diagrams/Presentation/acousticheadmodel2.png>
Overfull \hbox (17.0716pt too wide) in paragraph at lines 1165--1165
[][]  
 []


Overfull \hbox (1.20033pt too wide) has occurred while \output is active
[] 
 []

[33

 <./Diagrams/Presentation/acousticheadmodel2.png>]
Overfull \hbox (1.20033pt too wide) has occurred while \output is active
[] 
 []

[34

]
Overfull \hbox (1.20033pt too wide) has occurred while \output is active
[] 
 []

[35

]
<Diagrams/Presentation/BoundaryConditions/velocity1.png, id=534, 1380.357pt x 3
36.457pt>
File: Diagrams/Presentation/BoundaryConditions/velocity1.png Graphic file (type
 png)
 <use Diagrams/Presentation/BoundaryConditions/velocity1.png>
Overfull \hbox (1.20033pt too wide) has occurred while \output is active
[] 
 []

[36

 <./Diagrams/Presentation/BoundaryConditions/velocity1.png>]
<Diagrams/Presentation/BoundaryConditions/velocity2.png, id=546, 1428.537pt x 3
36.457pt>
File: Diagrams/Presentation/BoundaryConditions/velocity2.png Graphic file (type
 png)
 <use Diagrams/Presentation/BoundaryConditions/velocity2.png>
Overfull \hbox (1.20033pt too wide) has occurred while \output is active
[] 
 []

[37

 <./Diagrams/Presentation/BoundaryConditions/velocity2.png>]
Overfull \hbox (1.20033pt too wide) has occurred while \output is active
[] 
 []

[38

]
Overfull \hbox (1.20033pt too wide) has occurred while \output is active
[] 
 []

[39

]
Overfull \hbox (1.20033pt too wide) has occurred while \output is active
[] 
 []

[40

]
Overfull \hbox (3.10063pt too wide) in paragraph at lines 1437--1437
[][]  
 []

<Diagrams/geckohead1.png, id=589, 479.54156pt x 245.41687pt>
File: Diagrams/geckohead1.png Graphic file (type png)

<use Diagrams/geckohead1.png>
Overfull \hbox (1.20033pt too wide) has occurred while \output is active
[] 
 []

[41

 <./Diagrams/geckohead1.png (PNG copy)>]
<Diagrams/Plots/tokayvibampfull.png, id=601, 3326.829pt x 1239.832pt>
File: Diagrams/Plots/tokayvibampfull.png Graphic file (type png)

<use Diagrams/Plots/tokayvibampfull.png>
Overfull \hbox (5.69043pt too wide) in paragraph at lines 1474--1474
 [] 
 []


Overfull \hbox (1.20033pt too wide) has occurred while \output is active
[] 
 []

[42

 <./Diagrams/Plots/tokayvibampfull.png>]
<Diagrams/Presentation/tokayipsivscontrafull.png, id=614, 6583.797pt x 2159.267
pt>
File: Diagrams/Presentation/tokayipsivscontrafull.png Graphic file (type png)
 <use Diagrams/Presentation/tokayipsivscontrafull.png>
Overfull \hbox (5.69043pt too wide) in paragraph at lines 1493--1493
 [] 
 []


Overfull \hbox (1.20033pt too wide) has occurred while \output is active
[] 
 []

[43

 <./Diagrams/Presentation/tokayipsivscontrafull.png>]
<Diagrams/Presentation/directionplots.png, id=629, 2800.864pt x 3396.69pt>
File: Diagrams/Presentation/directionplots.png Graphic file (type png)

<use Diagrams/Presentation/directionplots.png>
Overfull \hbox (7.39664pt too wide) in paragraph at lines 1533--1533
[][]  
 []


Overfull \hbox (1.20033pt too wide) has occurred while \output is active
[] 
 []

[44

 <./Diagrams/Presentation/directionplots.png>]
<Diagrams/Presentation/directionplots2.png, id=642, 2800.864pt x 3396.69pt>
File: Diagrams/Presentation/directionplots2.png Graphic file (type png)

<use Diagrams/Presentation/directionplots2.png>
Overfull \hbox (7.39664pt too wide) in paragraph at lines 1533--1533
[]  
 []


Overfull \hbox (1.20033pt too wide) has occurred while \output is active
[] 
 []

[45

 <./Diagrams/Presentation/directionplots2.png>]
Overfull \hbox (1.20033pt too wide) has occurred while \output is active
[] 
 []

[46

]
Overfull \hbox (1.20033pt too wide) has occurred while \output is active
[] 
 []

[47

] <Diagrams/Plots/iLD/tokayiLDboth.png, id=675, 2975.115pt x 1217.348pt>
File: Diagrams/Plots/iLD/tokayiLDboth.png Graphic file (type png)

<use Diagrams/Plots/iLD/tokayiLDboth.png>
Overfull \hbox (5.69043pt too wide) in paragraph at lines 1590--1590
 [] 
 []


Overfull \hbox (1.20033pt too wide) has occurred while \output is active
[] 
 []

[48

 <./Diagrams/Plots/iLD/tokayiLDboth.png>]
<Diagrams/Presentation/iLDspectrum.png, id=687, 3716.284pt x 2454.771pt>
File: Diagrams/Presentation/iLDspectrum.png Graphic file (type png)

<use Diagrams/Presentation/iLDspectrum.png>
Overfull \hbox (17.0716pt too wide) in paragraph at lines 1611--1611
[][][][]  
 []

<Diagrams/Presentation/iLDdirection.png, id=688, 1561.032pt x 2764.729pt>
File: Diagrams/Presentation/iLDdirection.png Graphic file (type png)

<use Diagrams/Presentation/iLDdirection.png>
Overfull \hbox (1.20033pt too wide) has occurred while \output is active
[] 
 []

[49

 <./Diagrams/Presentation/iLDspectrum.png> <./Diagrams/Presentation/iLDdirectio
n.png>]
<Diagrams/Presentation/iTDspectrum.png, id=702, 3283.467pt x 2080.573pt>
File: Diagrams/Presentation/iTDspectrum.png Graphic file (type png)

<use Diagrams/Presentation/iTDspectrum.png>
Overfull \hbox (17.0716pt too wide) in paragraph at lines 1634--1634
[][][][]  
 []

<Diagrams/Presentation/iTDdirection.png, id=703, 862.422pt x 1387.584pt>
File: Diagrams/Presentation/iTDdirection.png Graphic file (type png)

<use Diagrams/Presentation/iTDdirection.png>
Overfull \hbox (1.20033pt too wide) has occurred while \output is active
[] 
 []

[50

 <./Diagrams/Presentation/iTDspectrum.png> <./Diagrams/Presentation/iTDdirectio
n.png>]
<Diagrams/Presentation/tokayregions.png, id=716, 2482.073pt x 1581.91pt>
File: Diagrams/Presentation/tokayregions.png Graphic file (type png)

<use Diagrams/Presentation/tokayregions.png>
Overfull \hbox (17.0716pt too wide) in paragraph at lines 1654--1654
[][]  
 []


Overfull \hbox (1.20033pt too wide) has occurred while \output is active
[] 
 []

[51

 <./Diagrams/Presentation/tokayregions.png>]
<Diagrams/Presentation/conclusion1.png, id=728, 1341.813pt x 1080.035pt>
File: Diagrams/Presentation/conclusion1.png Graphic file (type png)

<use Diagrams/Presentation/conclusion1.png>
Overfull \hbox (1.20033pt too wide) has occurred while \output is active
[] 
 []

[52

 <./Diagrams/Presentation/conclusion1.png>]
File: Diagrams/Presentation/conclusion1.png Graphic file (type png)

<use Diagrams/Presentation/conclusion1.png>
Overfull \hbox (1.20033pt too wide) has occurred while \output is active
[] 
 []

[53

] <Diagrams/geckowink.jpg, id=747, 529.98pt x 702.625pt>
File: Diagrams/geckowink.jpg Graphic file (type jpg)

<use Diagrams/geckowink.jpg>
Overfull \hbox (1.20033pt too wide) has occurred while \output is active
[] 
 []

[54

 <./Diagrams/geckowink.jpg>]
\tf@nav=\write6
\openout6 = `final_pres2.nav'.

\tf@toc=\write7
\openout7 = `final_pres2.toc'.

\tf@snm=\write8
\openout8 = `final_pres2.snm'.

 (./final_pres2.aux)

LaTeX Font Warning: Size substitutions with differences
(Font)              up to 1.0pt have occurred.

 ) 
Here is how much of TeX's memory you used:
 19737 strings out of 495061
 377552 string characters out of 1182622
 455572 words of memory out of 3000000
 22237 multiletter control sequences out of 15000+50000
 20454 words of font info for 76 fonts, out of 3000000 for 9000
 28 hyphenation exceptions out of 8191
 49i,25n,55p,400b,1030s stack positions out of 5000i,500n,10000p,200000b,50000s
</usr/share/texmf-texlive/fonts/type1/public/amsfonts/cm/cmbx10.pfb></usr/sha
re/texmf-texlive/fonts/type1/public/amsfonts/cm/cmbx8.pfb></usr/share/texmf-tex
live/fonts/type1/public/amsfonts/cm/cmex10.pfb></usr/share/texmf-texlive/fonts/
type1/public/amsfonts/cmextra/cmex7.pfb></usr/share/texmf-texlive/fonts/type1/p
ublic/amsfonts/cmextra/cmex8.pfb></usr/share/texmf-texlive/fonts/type1/public/a
msfonts/cm/cmmi10.pfb></usr/share/texmf-texlive/fonts/type1/public/amsfonts/cm/
cmmi12.pfb></usr/share/texmf-texlive/fonts/type1/public/amsfonts/cm/cmmi5.pfb><
/usr/share/texmf-texlive/fonts/type1/public/amsfonts/cm/cmmi6.pfb></usr/share/t
exmf-texlive/fonts/type1/public/amsfonts/cm/cmmi7.pfb></usr/share/texmf-texlive
/fonts/type1/public/amsfonts/cm/cmmi8.pfb></usr/share/texmf-texlive/fonts/type1
/public/amsfonts/cm/cmr10.pfb></usr/share/texmf-texlive/fonts/type1/public/amsf
onts/cm/cmr12.pfb></usr/share/texmf-texlive/fonts/type1/public/amsfonts/cm/cmr1
7.pfb></usr/share/texmf-texlive/fonts/type1/public/amsfonts/cm/cmr5.pfb></usr/s
hare/texmf-texlive/fonts/type1/public/amsfonts/cm/cmr6.pfb></usr/share/texmf-te
xlive/fonts/type1/public/amsfonts/cm/cmr7.pfb></usr/share/texmf-texlive/fonts/t
ype1/public/amsfonts/cm/cmr8.pfb></usr/share/texmf-texlive/fonts/type1/public/a
msfonts/cm/cmss10.pfb></usr/share/texmf-texlive/fonts/type1/public/amsfonts/cm/
cmss12.pfb></usr/share/texmf-texlive/fonts/type1/public/amsfonts/cm/cmss8.pfb><
/usr/share/texmf-texlive/fonts/type1/public/amsfonts/cm/cmssbx10.pfb></usr/shar
e/texmf-texlive/fonts/type1/public/amsfonts/cm/cmssi8.pfb></usr/share/texmf-tex
live/fonts/type1/public/amsfonts/cm/cmsy10.pfb></usr/share/texmf-texlive/fonts/
type1/public/amsfonts/cm/cmsy5.pfb></usr/share/texmf-texlive/fonts/type1/public
/amsfonts/cm/cmsy6.pfb></usr/share/texmf-texlive/fonts/type1/public/amsfonts/cm
/cmsy7.pfb></usr/share/texmf-texlive/fonts/type1/public/amsfonts/cm/cmsy8.pfb><
/usr/share/texmf-texlive/fonts/type1/public/amsfonts/symbols/msam10.pfb></usr/s
hare/texmf-texlive/fonts/type1/public/amsfonts/symbols/msam7.pfb>
Output written on final_pres2.pdf (54 pages, 8840305 bytes).
PDF statistics:
 881 PDF objects out of 1000 (max. 8388607)
 133 named destinations out of 1000 (max. 500000)
 366 words of extra memory for PDF output out of 10000 (max. 10000000)

